<?xml version="1.0" encoding="UTF-8"?>
<!-- Generated by org.testng.reporters.JUnitReportReporter -->
<testsuite hostname="IN-SCHADHA" name="com.shray.automation.restapi.tests.GETRestTest" tests="2" failures="0" timestamp="13 Feb 2018 03:24:28 GMT" time="2.514" errors="0">
  <testcase name="getAPITestVerfiyUserDetails" time="1.653" classname="com.shray.automation.restapi.tests.GETRestTest"/>
  <testcase name="getAPITestVerfiyUserDetailsWithHeaders" time="0.861" classname="com.shray.automation.restapi.tests.GETRestTest"/>
</testsuite> <!-- com.shray.automation.restapi.tests.GETRestTest -->
