<?xml version="1.0" encoding="UTF-8"?>
<!-- Generated by org.testng.reporters.JUnitReportReporter -->
<testsuite hostname="IN-SCHADHA" name="com.shray.automation.restapi.tests.POSTRestTest" tests="1" failures="0" timestamp="6 Mar 2018 10:46:10 GMT" time="1.834" errors="0">
  <testcase name="PostRestTestWithHeaders" time="1.834" classname="com.shray.automation.restapi.tests.POSTRestTest"/>
</testsuite> <!-- com.shray.automation.restapi.tests.POSTRestTest -->
