<?xml version="1.0" encoding="UTF-8"?>
<!-- Generated by org.testng.reporters.JUnitReportReporter -->
<testsuite hostname="IN-SCHADHA" name="com.shray.automation.restapi.tests.GETRestTest" tests="2" failures="0" timestamp="14 Feb 2018 10:39:16 GMT" time="2.685" errors="0">
  <testcase name="getAPITestVerfiyUserDetails" time="1.840" classname="com.shray.automation.restapi.tests.GETRestTest"/>
  <testcase name="getAPITestVerfiyUserDetailsWithHeaders" time="0.845" classname="com.shray.automation.restapi.tests.GETRestTest"/>
</testsuite> <!-- com.shray.automation.restapi.tests.GETRestTest -->
